Arguments: 
  /home/rahul/.nvm/versions/node/v9.3.0/bin/node /home/rahul/.nvm/versions/node/v9.3.0/bin/yarn start

PATH: 
  /home/rahul/.nvm/versions/node/v9.3.0/bin:/usr/local/bin:/usr/bin:/bin:/usr/local/games:/usr/games:/sbin:/usr/sbin:/home/rahul/.config/composer/vendor/bin

Yarn version: 
  1.5.1

Node version: 
  9.3.0

Platform: 
  linux x64

npm manifest: 
  No manifest

yarn manifest: 
  No manifest

Lockfile: 
  No lockfile

Trace: 
  Error: Couldn't find a package.json file in "/home/rahul/PhpstormProjects/SimpleSocial"
      at new MessageError (/home/rahul/.nvm/versions/node/v9.3.0/lib/node_modules/yarn/lib/cli.js:186:110)
      at /home/rahul/.nvm/versions/node/v9.3.0/lib/node_modules/yarn/lib/cli.js:40048:15
      at Generator.next (<anonymous>)
      at step (/home/rahul/.nvm/versions/node/v9.3.0/lib/node_modules/yarn/lib/cli.js:98:30)
      at /home/rahul/.nvm/versions/node/v9.3.0/lib/node_modules/yarn/lib/cli.js:109:13
      at <anonymous>
